2025-12-29 03:26:48,277 | INFO | SYSTEM START
2025-12-29 03:26:51,782 | ERROR | MOEX 0: list index out of range
2025-12-29 03:26:52,138 | ERROR | MOEX 0: list index out of range
2025-12-29 03:26:52,495 | ERROR | MOEX 0: HTTPSConnectionPool(host='iss.moex.com', port=443): Max retries exceeded with url: /iss/engines/stock/markets/shares/securities/0.json (Caused by ProxyError('Unable to connect to proxy', RemoteDisconnected('Remote end closed connection without response')))
2025-12-29 03:26:52,854 | ERROR | MOEX 0: HTTPSConnectionPool(host='iss.moex.com', port=443): Max retries exceeded with url: /iss/engines/stock/markets/shares/securities/0.json (Caused by ProxyError('Unable to connect to proxy', RemoteDisconnected('Remote end closed connection without response')))
2025-12-29 03:26:53,185 | ERROR | MOEX 0: list index out of range
2025-12-29 03:26:53,534 | ERROR | MOEX 0: list index out of range
2025-12-29 03:26:53,861 | ERROR | MOEX 0: list index out of range
2025-12-29 03:26:54,174 | ERROR | MOEX 0: list index out of range
2025-12-29 03:26:54,526 | ERROR | MOEX 0: HTTPSConnectionPool(host='iss.moex.com', port=443): Max retries exceeded with url: /iss/engines/stock/markets/shares/securities/0.json (Caused by ProxyError('Unable to connect to proxy', RemoteDisconnected('Remote end closed connection without response')))
2025-12-29 03:26:54,875 | ERROR | MOEX 0: list index out of range
2025-12-29 03:26:55,198 | ERROR | MOEX 0: HTTPSConnectionPool(host='iss.moex.com', port=443): Max retries exceeded with url: /iss/engines/stock/markets/shares/securities/0.json (Caused by ProxyError('Unable to connect to proxy', RemoteDisconnected('Remote end closed connection without response')))
2025-12-29 03:26:55,506 | ERROR | MOEX 0: list index out of range
2025-12-29 03:26:55,840 | ERROR | MOEX 0: HTTPSConnectionPool(host='iss.moex.com', port=443): Max retries exceeded with url: /iss/engines/stock/markets/shares/securities/0.json (Caused by ProxyError('Unable to connect to proxy', RemoteDisconnected('Remote end closed connection without response')))
2025-12-29 03:26:56,209 | ERROR | MOEX 0: HTTPSConnectionPool(host='iss.moex.com', port=443): Max retries exceeded with url: /iss/engines/stock/markets/shares/securities/0.json (Caused by ProxyError('Unable to connect to proxy', RemoteDisconnected('Remote end closed connection without response')))
2025-12-29 03:26:56,534 | ERROR | MOEX 0: HTTPSConnectionPool(host='iss.moex.com', port=443): Max retries exceeded with url: /iss/engines/stock/markets/shares/securities/0.json (Caused by ProxyError('Unable to connect to proxy', RemoteDisconnected('Remote end closed connection without response')))
2025-12-29 03:26:56,873 | ERROR | MOEX 0: list index out of range
2025-12-29 03:26:57,228 | ERROR | MOEX 0: list index out of range
2025-12-29 03:26:57,557 | ERROR | MOEX 0: HTTPSConnectionPool(host='iss.moex.com', port=443): Max retries exceeded with url: /iss/engines/stock/markets/shares/securities/0.json (Caused by ProxyError('Unable to connect to proxy', RemoteDisconnected('Remote end closed connection without response')))
2025-12-29 03:26:57,904 | ERROR | MOEX 0: list index out of range
2025-12-29 03:26:58,271 | ERROR | MOEX 0: list index out of range
2025-12-29 03:26:58,593 | ERROR | MOEX 0: HTTPSConnectionPool(host='iss.moex.com', port=443): Max retries exceeded with url: /iss/engines/stock/markets/shares/securities/0.json (Caused by ProxyError('Unable to connect to proxy', RemoteDisconnected('Remote end closed connection without response')))
2025-12-29 03:26:58,925 | ERROR | MOEX 0: list index out of range
2025-12-29 03:26:59,273 | ERROR | MOEX 0: list index out of range
2025-12-29 03:27:03,691 | INFO | HTTP Request: POST https://api.telegram.org/bot8597134571:AAGMNdw_sSnwTkwiapbx2xIn9xzruXkGrSE/getMe "HTTP/1.1 200 OK"
2025-12-29 03:27:03,764 | INFO | HTTP Request: POST https://api.telegram.org/bot8597134571:AAGMNdw_sSnwTkwiapbx2xIn9xzruXkGrSE/deleteWebhook "HTTP/1.1 200 OK"
2025-12-29 03:27:03,766 | INFO | Application started
2025-12-29 03:27:13,768 | INFO | HTTP Request: POST https://api.telegram.org/bot8597134571:AAGMNdw_sSnwTkwiapbx2xIn9xzruXkGrSE/getUpdates "HTTP/1.1 200 OK"
2025-12-29 03:27:14,258 | INFO | HTTP Request: POST https://api.telegram.org/bot8597134571:AAGMNdw_sSnwTkwiapbx2xIn9xzruXkGrSE/sendMessage "HTTP/1.1 200 OK"
2025-12-29 03:27:17,024 | INFO | HTTP Request: POST https://api.telegram.org/bot8597134571:AAGMNdw_sSnwTkwiapbx2xIn9xzruXkGrSE/getUpdates "HTTP/1.1 200 OK"
2025-12-29 03:27:17,126 | INFO | HTTP Request: POST https://api.telegram.org/bot8597134571:AAGMNdw_sSnwTkwiapbx2xIn9xzruXkGrSE/answerCallbackQuery "HTTP/1.1 200 OK"
2025-12-29 03:27:17,229 | INFO | HTTP Request: POST https://api.telegram.org/bot8597134571:AAGMNdw_sSnwTkwiapbx2xIn9xzruXkGrSE/editMessageText "HTTP/1.1 200 OK"
2025-12-29 03:27:27,100 | INFO | HTTP Request: POST https://api.telegram.org/bot8597134571:AAGMNdw_sSnwTkwiapbx2xIn9xzruXkGrSE/getUpdates "HTTP/1.1 200 OK"
2025-12-29 03:27:37,175 | INFO | HTTP Request: POST https://api.telegram.org/bot8597134571:AAGMNdw_sSnwTkwiapbx2xIn9xzruXkGrSE/getUpdates "HTTP/1.1 200 OK"
2025-12-29 03:27:47,274 | INFO | HTTP Request: POST https://api.telegram.org/bot8597134571:AAGMNdw_sSnwTkwiapbx2xIn9xzruXkGrSE/getUpdates "HTTP/1.1 200 OK"
2025-12-29 03:27:57,349 | INFO | HTTP Request: POST https://api.telegram.org/bot8597134571:AAGMNdw_sSnwTkwiapbx2xIn9xzruXkGrSE/getUpdates "HTTP/1.1 200 OK"
2025-12-29 03:28:07,426 | INFO | HTTP Request: POST https://api.telegram.org/bot8597134571:AAGMNdw_sSnwTkwiapbx2xIn9xzruXkGrSE/getUpdates "HTTP/1.1 200 OK"
2025-12-29 03:28:17,543 | INFO | HTTP Request: POST https://api.telegram.org/bot8597134571:AAGMNdw_sSnwTkwiapbx2xIn9xzruXkGrSE/getUpdates "HTTP/1.1 200 OK"
2025-12-29 03:28:27,622 | INFO | HTTP Request: POST https://api.telegram.org/bot8597134571:AAGMNdw_sSnwTkwiapbx2xIn9xzruXkGrSE/getUpdates "HTTP/1.1 200 OK"
2025-12-29 03:28:37,700 | INFO | HTTP Request: POST https://api.telegram.org/bot8597134571:AAGMNdw_sSnwTkwiapbx2xIn9xzruXkGrSE/getUpdates "HTTP/1.1 200 OK"
2025-12-29 03:28:47,775 | INFO | HTTP Request: POST https://api.telegram.org/bot8597134571:AAGMNdw_sSnwTkwiapbx2xIn9xzruXkGrSE/getUpdates "HTTP/1.1 200 OK"
2025-12-29 03:28:57,851 | INFO | HTTP Request: POST https://api.telegram.org/bot8597134571:AAGMNdw_sSnwTkwiapbx2xIn9xzruXkGrSE/getUpdates "HTTP/1.1 200 OK"
2025-12-29 03:29:07,940 | INFO | HTTP Request: POST https://api.telegram.org/bot8597134571:AAGMNdw_sSnwTkwiapbx2xIn9xzruXkGrSE/getUpdates "HTTP/1.1 200 OK"
2025-12-29 03:29:18,081 | INFO | HTTP Request: POST https://api.telegram.org/bot8597134571:AAGMNdw_sSnwTkwiapbx2xIn9xzruXkGrSE/getUpdates "HTTP/1.1 200 OK"
2025-12-29 03:29:28,157 | INFO | HTTP Request: POST https://api.telegram.org/bot8597134571:AAGMNdw_sSnwTkwiapbx2xIn9xzruXkGrSE/getUpdates "HTTP/1.1 200 OK"
2025-12-29 03:29:38,232 | INFO | HTTP Request: POST https://api.telegram.org/bot8597134571:AAGMNdw_sSnwTkwiapbx2xIn9xzruXkGrSE/getUpdates "HTTP/1.1 200 OK"
2025-12-29 03:29:48,311 | INFO | HTTP Request: POST https://api.telegram.org/bot8597134571:AAGMNdw_sSnwTkwiapbx2xIn9xzruXkGrSE/getUpdates "HTTP/1.1 200 OK"
2025-12-29 03:29:58,387 | INFO | HTTP Request: POST https://api.telegram.org/bot8597134571:AAGMNdw_sSnwTkwiapbx2xIn9xzruXkGrSE/getUpdates "HTTP/1.1 200 OK"
2025-12-29 03:30:08,479 | INFO | HTTP Request: POST https://api.telegram.org/bot8597134571:AAGMNdw_sSnwTkwiapbx2xIn9xzruXkGrSE/getUpdates "HTTP/1.1 200 OK"
2025-12-29 03:30:18,569 | INFO | HTTP Request: POST https://api.telegram.org/bot8597134571:AAGMNdw_sSnwTkwiapbx2xIn9xzruXkGrSE/getUpdates "HTTP/1.1 200 OK"
2025-12-29 03:30:28,670 | INFO | HTTP Request: POST https://api.telegram.org/bot8597134571:AAGMNdw_sSnwTkwiapbx2xIn9xzruXkGrSE/getUpdates "HTTP/1.1 200 OK"
2025-12-29 03:30:38,745 | INFO | HTTP Request: POST https://api.telegram.org/bot8597134571:AAGMNdw_sSnwTkwiapbx2xIn9xzruXkGrSE/getUpdates "HTTP/1.1 200 OK"
2025-12-29 03:30:48,823 | INFO | HTTP Request: POST https://api.telegram.org/bot8597134571:AAGMNdw_sSnwTkwiapbx2xIn9xzruXkGrSE/getUpdates "HTTP/1.1 200 OK"
2025-12-29 03:30:58,901 | INFO | HTTP Request: POST https://api.telegram.org/bot8597134571:AAGMNdw_sSnwTkwiapbx2xIn9xzruXkGrSE/getUpdates "HTTP/1.1 200 OK"
2025-12-29 03:31:08,975 | INFO | HTTP Request: POST https://api.telegram.org/bot8597134571:AAGMNdw_sSnwTkwiapbx2xIn9xzruXkGrSE/getUpdates "HTTP/1.1 200 OK"
2025-12-29 03:31:19,050 | INFO | HTTP Request: POST https://api.telegram.org/bot8597134571:AAGMNdw_sSnwTkwiapbx2xIn9xzruXkGrSE/getUpdates "HTTP/1.1 200 OK"
2025-12-29 03:31:29,149 | INFO | HTTP Request: POST https://api.telegram.org/bot8597134571:AAGMNdw_sSnwTkwiapbx2xIn9xzruXkGrSE/getUpdates "HTTP/1.1 200 OK"
2025-12-29 03:31:39,224 | INFO | HTTP Request: POST https://api.telegram.org/bot8597134571:AAGMNdw_sSnwTkwiapbx2xIn9xzruXkGrSE/getUpdates "HTTP/1.1 200 OK"
2025-12-29 03:31:49,299 | INFO | HTTP Request: POST https://api.telegram.org/bot8597134571:AAGMNdw_sSnwTkwiapbx2xIn9xzruXkGrSE/getUpdates "HTTP/1.1 200 OK"
2025-12-29 03:31:59,376 | INFO | HTTP Request: POST https://api.telegram.org/bot8597134571:AAGMNdw_sSnwTkwiapbx2xIn9xzruXkGrSE/getUpdates "HTTP/1.1 200 OK"
2025-12-29 03:32:09,451 | INFO | HTTP Request: POST https://api.telegram.org/bot8597134571:AAGMNdw_sSnwTkwiapbx2xIn9xzruXkGrSE/getUpdates "HTTP/1.1 200 OK"
2025-12-29 03:32:19,527 | INFO | HTTP Request: POST https://api.telegram.org/bot8597134571:AAGMNdw_sSnwTkwiapbx2xIn9xzruXkGrSE/getUpdates "HTTP/1.1 200 OK"
2025-12-29 03:32:29,601 | INFO | HTTP Request: POST https://api.telegram.org/bot8597134571:AAGMNdw_sSnwTkwiapbx2xIn9xzruXkGrSE/getUpdates "HTTP/1.1 200 OK"
2025-12-29 03:32:39,677 | INFO | HTTP Request: POST https://api.telegram.org/bot8597134571:AAGMNdw_sSnwTkwiapbx2xIn9xzruXkGrSE/getUpdates "HTTP/1.1 200 OK"
2025-12-29 03:32:49,754 | INFO | HTTP Request: POST https://api.telegram.org/bot8597134571:AAGMNdw_sSnwTkwiapbx2xIn9xzruXkGrSE/getUpdates "HTTP/1.1 200 OK"
2025-12-29 03:32:59,831 | INFO | HTTP Request: POST https://api.telegram.org/bot8597134571:AAGMNdw_sSnwTkwiapbx2xIn9xzruXkGrSE/getUpdates "HTTP/1.1 200 OK"
2025-12-29 03:33:09,910 | INFO | HTTP Request: POST https://api.telegram.org/bot8597134571:AAGMNdw_sSnwTkwiapbx2xIn9xzruXkGrSE/getUpdates "HTTP/1.1 200 OK"
2025-12-29 03:33:19,989 | INFO | HTTP Request: POST https://api.telegram.org/bot8597134571:AAGMNdw_sSnwTkwiapbx2xIn9xzruXkGrSE/getUpdates "HTTP/1.1 200 OK"
2025-12-29 03:33:30,066 | INFO | HTTP Request: POST https://api.telegram.org/bot8597134571:AAGMNdw_sSnwTkwiapbx2xIn9xzruXkGrSE/getUpdates "HTTP/1.1 200 OK"
2025-12-29 03:33:40,143 | INFO | HTTP Request: POST https://api.telegram.org/bot8597134571:AAGMNdw_sSnwTkwiapbx2xIn9xzruXkGrSE/getUpdates "HTTP/1.1 200 OK"
2025-12-29 03:33:50,217 | INFO | HTTP Request: POST https://api.telegram.org/bot8597134571:AAGMNdw_sSnwTkwiapbx2xIn9xzruXkGrSE/getUpdates "HTTP/1.1 200 OK"
2025-12-29 03:34:00,300 | INFO | HTTP Request: POST https://api.telegram.org/bot8597134571:AAGMNdw_sSnwTkwiapbx2xIn9xzruXkGrSE/getUpdates "HTTP/1.1 200 OK"
2025-12-29 03:34:10,376 | INFO | HTTP Request: POST https://api.telegram.org/bot8597134571:AAGMNdw_sSnwTkwiapbx2xIn9xzruXkGrSE/getUpdates "HTTP/1.1 200 OK"
2025-12-29 03:34:20,455 | INFO | HTTP Request: POST https://api.telegram.org/bot8597134571:AAGMNdw_sSnwTkwiapbx2xIn9xzruXkGrSE/getUpdates "HTTP/1.1 200 OK"
2025-12-29 03:34:30,533 | INFO | HTTP Request: POST https://api.telegram.org/bot8597134571:AAGMNdw_sSnwTkwiapbx2xIn9xzruXkGrSE/getUpdates "HTTP/1.1 200 OK"
2025-12-29 03:34:40,627 | INFO | HTTP Request: POST https://api.telegram.org/bot8597134571:AAGMNdw_sSnwTkwiapbx2xIn9xzruXkGrSE/getUpdates "HTTP/1.1 200 OK"
2025-12-29 03:34:50,703 | INFO | HTTP Request: POST https://api.telegram.org/bot8597134571:AAGMNdw_sSnwTkwiapbx2xIn9xzruXkGrSE/getUpdates "HTTP/1.1 200 OK"
2025-12-29 03:35:00,779 | INFO | HTTP Request: POST https://api.telegram.org/bot8597134571:AAGMNdw_sSnwTkwiapbx2xIn9xzruXkGrSE/getUpdates "HTTP/1.1 200 OK"
2025-12-29 03:35:10,853 | INFO | HTTP Request: POST https://api.telegram.org/bot8597134571:AAGMNdw_sSnwTkwiapbx2xIn9xzruXkGrSE/getUpdates "HTTP/1.1 200 OK"
2025-12-29 03:35:20,928 | INFO | HTTP Request: POST https://api.telegram.org/bot8597134571:AAGMNdw_sSnwTkwiapbx2xIn9xzruXkGrSE/getUpdates "HTTP/1.1 200 OK"
2025-12-29 03:35:31,008 | INFO | HTTP Request: POST https://api.telegram.org/bot8597134571:AAGMNdw_sSnwTkwiapbx2xIn9xzruXkGrSE/getUpdates "HTTP/1.1 200 OK"
2025-12-29 03:35:41,084 | INFO | HTTP Request: POST https://api.telegram.org/bot8597134571:AAGMNdw_sSnwTkwiapbx2xIn9xzruXkGrSE/getUpdates "HTTP/1.1 200 OK"
2025-12-29 03:35:51,158 | INFO | HTTP Request: POST https://api.telegram.org/bot8597134571:AAGMNdw_sSnwTkwiapbx2xIn9xzruXkGrSE/getUpdates "HTTP/1.1 200 OK"
2025-12-29 03:36:01,234 | INFO | HTTP Request: POST https://api.telegram.org/bot8597134571:AAGMNdw_sSnwTkwiapbx2xIn9xzruXkGrSE/getUpdates "HTTP/1.1 200 OK"
2025-12-29 03:36:11,310 | INFO | HTTP Request: POST https://api.telegram.org/bot8597134571:AAGMNdw_sSnwTkwiapbx2xIn9xzruXkGrSE/getUpdates "HTTP/1.1 200 OK"
2025-12-29 03:36:21,398 | INFO | HTTP Request: POST https://api.telegram.org/bot8597134571:AAGMNdw_sSnwTkwiapbx2xIn9xzruXkGrSE/getUpdates "HTTP/1.1 200 OK"
2025-12-29 03:36:31,474 | INFO | HTTP Request: POST https://api.telegram.org/bot8597134571:AAGMNdw_sSnwTkwiapbx2xIn9xzruXkGrSE/getUpdates "HTTP/1.1 200 OK"
2025-12-29 03:36:41,556 | INFO | HTTP Request: POST https://api.telegram.org/bot8597134571:AAGMNdw_sSnwTkwiapbx2xIn9xzruXkGrSE/getUpdates "HTTP/1.1 200 OK"
2025-12-29 03:36:51,632 | INFO | HTTP Request: POST https://api.telegram.org/bot8597134571:AAGMNdw_sSnwTkwiapbx2xIn9xzruXkGrSE/getUpdates "HTTP/1.1 200 OK"
2025-12-29 03:37:01,707 | INFO | HTTP Request: POST https://api.telegram.org/bot8597134571:AAGMNdw_sSnwTkwiapbx2xIn9xzruXkGrSE/getUpdates "HTTP/1.1 200 OK"
2025-12-29 03:37:11,783 | INFO | HTTP Request: POST https://api.telegram.org/bot8597134571:AAGMNdw_sSnwTkwiapbx2xIn9xzruXkGrSE/getUpdates "HTTP/1.1 200 OK"
2025-12-29 03:37:21,861 | INFO | HTTP Request: POST https://api.telegram.org/bot8597134571:AAGMNdw_sSnwTkwiapbx2xIn9xzruXkGrSE/getUpdates "HTTP/1.1 200 OK"
2025-12-29 03:37:31,937 | INFO | HTTP Request: POST https://api.telegram.org/bot8597134571:AAGMNdw_sSnwTkwiapbx2xIn9xzruXkGrSE/getUpdates "HTTP/1.1 200 OK"
2025-12-29 03:37:42,046 | INFO | HTTP Request: POST https://api.telegram.org/bot8597134571:AAGMNdw_sSnwTkwiapbx2xIn9xzruXkGrSE/getUpdates "HTTP/1.1 200 OK"
2025-12-29 03:37:52,121 | INFO | HTTP Request: POST https://api.telegram.org/bot8597134571:AAGMNdw_sSnwTkwiapbx2xIn9xzruXkGrSE/getUpdates "HTTP/1.1 200 OK"
2025-12-29 03:38:02,198 | INFO | HTTP Request: POST https://api.telegram.org/bot8597134571:AAGMNdw_sSnwTkwiapbx2xIn9xzruXkGrSE/getUpdates "HTTP/1.1 200 OK"
2025-12-29 03:38:12,280 | INFO | HTTP Request: POST https://api.telegram.org/bot8597134571:AAGMNdw_sSnwTkwiapbx2xIn9xzruXkGrSE/getUpdates "HTTP/1.1 200 OK"
2025-12-29 03:38:22,406 | INFO | HTTP Request: POST https://api.telegram.org/bot8597134571:AAGMNdw_sSnwTkwiapbx2xIn9xzruXkGrSE/getUpdates "HTTP/1.1 200 OK"
2025-12-29 03:38:32,486 | INFO | HTTP Request: POST https://api.telegram.org/bot8597134571:AAGMNdw_sSnwTkwiapbx2xIn9xzruXkGrSE/getUpdates "HTTP/1.1 200 OK"
2025-12-29 03:38:42,564 | INFO | HTTP Request: POST https://api.telegram.org/bot8597134571:AAGMNdw_sSnwTkwiapbx2xIn9xzruXkGrSE/getUpdates "HTTP/1.1 200 OK"
2025-12-29 03:38:52,644 | INFO | HTTP Request: POST https://api.telegram.org/bot8597134571:AAGMNdw_sSnwTkwiapbx2xIn9xzruXkGrSE/getUpdates "HTTP/1.1 200 OK"
2025-12-29 03:39:02,727 | INFO | HTTP Request: POST https://api.telegram.org/bot8597134571:AAGMNdw_sSnwTkwiapbx2xIn9xzruXkGrSE/getUpdates "HTTP/1.1 200 OK"
2025-12-29 03:39:12,803 | INFO | HTTP Request: POST https://api.telegram.org/bot8597134571:AAGMNdw_sSnwTkwiapbx2xIn9xzruXkGrSE/getUpdates "HTTP/1.1 200 OK"
2025-12-29 03:39:22,878 | INFO | HTTP Request: POST https://api.telegram.org/bot8597134571:AAGMNdw_sSnwTkwiapbx2xIn9xzruXkGrSE/getUpdates "HTTP/1.1 200 OK"
2025-12-29 03:39:33,038 | INFO | HTTP Request: POST https://api.telegram.org/bot8597134571:AAGMNdw_sSnwTkwiapbx2xIn9xzruXkGrSE/getUpdates "HTTP/1.1 200 OK"
2025-12-29 03:39:43,113 | INFO | HTTP Request: POST https://api.telegram.org/bot8597134571:AAGMNdw_sSnwTkwiapbx2xIn9xzruXkGrSE/getUpdates "HTTP/1.1 200 OK"
2025-12-29 03:39:53,190 | INFO | HTTP Request: POST https://api.telegram.org/bot8597134571:AAGMNdw_sSnwTkwiapbx2xIn9xzruXkGrSE/getUpdates "HTTP/1.1 200 OK"
2025-12-29 03:40:03,267 | INFO | HTTP Request: POST https://api.telegram.org/bot8597134571:AAGMNdw_sSnwTkwiapbx2xIn9xzruXkGrSE/getUpdates "HTTP/1.1 200 OK"
2025-12-29 03:40:13,414 | INFO | HTTP Request: POST https://api.telegram.org/bot8597134571:AAGMNdw_sSnwTkwiapbx2xIn9xzruXkGrSE/getUpdates "HTTP/1.1 200 OK"
2025-12-29 03:40:23,809 | INFO | HTTP Request: POST https://api.telegram.org/bot8597134571:AAGMNdw_sSnwTkwiapbx2xIn9xzruXkGrSE/getUpdates "HTTP/1.1 200 OK"
2025-12-29 03:40:34,006 | INFO | HTTP Request: POST https://api.telegram.org/bot8597134571:AAGMNdw_sSnwTkwiapbx2xIn9xzruXkGrSE/getUpdates "HTTP/1.1 200 OK"
2025-12-29 04:00:11,666 | INFO | HTTP Request: POST https://api.telegram.org/bot8597134571:AAGMNdw_sSnwTkwiapbx2xIn9xzruXkGrSE/getMe "HTTP/1.1 200 OK"
2025-12-29 04:00:11,738 | INFO | HTTP Request: POST https://api.telegram.org/bot8597134571:AAGMNdw_sSnwTkwiapbx2xIn9xzruXkGrSE/deleteWebhook "HTTP/1.1 200 OK"
2025-12-29 04:00:11,740 | INFO | Application started
2025-12-29 04:00:12,026 | INFO | HTTP Request: POST https://api.telegram.org/bot8597134571:AAGMNdw_sSnwTkwiapbx2xIn9xzruXkGrSE/getUpdates "HTTP/1.1 200 OK"
2025-12-29 04:00:12,121 | INFO | HTTP Request: POST https://api.telegram.org/bot8597134571:AAGMNdw_sSnwTkwiapbx2xIn9xzruXkGrSE/sendMessage "HTTP/1.1 200 OK"
2025-12-29 04:00:12,213 | INFO | HTTP Request: POST https://api.telegram.org/bot8597134571:AAGMNdw_sSnwTkwiapbx2xIn9xzruXkGrSE/sendMessage "HTTP/1.1 200 OK"
2025-12-29 04:00:12,307 | INFO | HTTP Request: POST https://api.telegram.org/bot8597134571:AAGMNdw_sSnwTkwiapbx2xIn9xzruXkGrSE/sendMessage "HTTP/1.1 200 OK"
2025-12-29 04:00:16,152 | INFO | HTTP Request: POST https://api.telegram.org/bot8597134571:AAGMNdw_sSnwTkwiapbx2xIn9xzruXkGrSE/getUpdates "HTTP/1.1 200 OK"
2025-12-29 04:00:16,243 | INFO | HTTP Request: POST https://api.telegram.org/bot8597134571:AAGMNdw_sSnwTkwiapbx2xIn9xzruXkGrSE/answerCallbackQuery "HTTP/1.1 200 OK"
2025-12-29 04:00:24,631 | ERROR | No error handlers are registered, logging exception.
Traceback (most recent call last):
  File "C:\Users\Дмитрий\AppData\Local\Python\pythoncore-3.14-64\Lib\site-packages\pandas\core\indexes\base.py", line 3812, in get_loc
    return self._engine.get_loc(casted_key)
           ~~~~~~~~~~~~~~~~~~~~^^^^^^^^^^^^
  File "pandas/_libs/index.pyx", line 167, in pandas._libs.index.IndexEngine.get_loc
  File "pandas/_libs/index.pyx", line 196, in pandas._libs.index.IndexEngine.get_loc
  File "pandas/_libs/hashtable_class_helper.pxi", line 7088, in pandas._libs.hashtable.PyObjectHashTable.get_item
  File "pandas/_libs/hashtable_class_helper.pxi", line 7096, in pandas._libs.hashtable.PyObjectHashTable.get_item
KeyError: 'Кол-во'

The above exception was the direct cause of the following exception:

Traceback (most recent call last):
  File "C:\Users\Дмитрий\AppData\Local\Python\pythoncore-3.14-64\Lib\site-packages\telegram\ext\_application.py", line 1315, in process_update
    await coroutine
  File "C:\Users\Дмитрий\AppData\Local\Python\pythoncore-3.14-64\Lib\site-packages\telegram\ext\_handlers\basehandler.py", line 159, in handle_update
    return await self.callback(update, context)
           ^^^^^^^^^^^^^^^^^^^^^^^^^^^^^^^^^^^^
  File "c:\Users\Дмитрий\OneDrive\Desktop\invest\main.py", line 59, in on_button
    text = show_portfolio()
  File "c:\Users\Дмитрий\OneDrive\Desktop\invest\services\portfolio.py", line 10, in show_portfolio
    df["Сумма"] = df["Кол-во"] * df["Цена"]
                  ~~^^^^^^^^^^
  File "C:\Users\Дмитрий\AppData\Local\Python\pythoncore-3.14-64\Lib\site-packages\pandas\core\frame.py", line 4113, in __getitem__
    indexer = self.columns.get_loc(key)
  File "C:\Users\Дмитрий\AppData\Local\Python\pythoncore-3.14-64\Lib\site-packages\pandas\core\indexes\base.py", line 3819, in get_loc
    raise KeyError(key) from err
KeyError: 'Кол-во'
2025-12-29 04:00:26,223 | INFO | HTTP Request: POST https://api.telegram.org/bot8597134571:AAGMNdw_sSnwTkwiapbx2xIn9xzruXkGrSE/getUpdates "HTTP/1.1 200 OK"
2025-12-29 04:00:28,247 | INFO | HTTP Request: POST https://api.telegram.org/bot8597134571:AAGMNdw_sSnwTkwiapbx2xIn9xzruXkGrSE/getUpdates "HTTP/1.1 200 OK"
2025-12-29 04:00:28,562 | INFO | HTTP Request: POST https://api.telegram.org/bot8597134571:AAGMNdw_sSnwTkwiapbx2xIn9xzruXkGrSE/answerCallbackQuery "HTTP/1.1 200 OK"
2025-12-29 04:00:30,641 | ERROR | No error handlers are registered, logging exception.
Traceback (most recent call last):
  File "C:\Users\Дмитрий\AppData\Local\Python\pythoncore-3.14-64\Lib\site-packages\pandas\core\indexes\base.py", line 3812, in get_loc
    return self._engine.get_loc(casted_key)
           ~~~~~~~~~~~~~~~~~~~~^^^^^^^^^^^^
  File "pandas/_libs/index.pyx", line 167, in pandas._libs.index.IndexEngine.get_loc
  File "pandas/_libs/index.pyx", line 196, in pandas._libs.index.IndexEngine.get_loc
  File "pandas/_libs/hashtable_class_helper.pxi", line 7088, in pandas._libs.hashtable.PyObjectHashTable.get_item
  File "pandas/_libs/hashtable_class_helper.pxi", line 7096, in pandas._libs.hashtable.PyObjectHashTable.get_item
KeyError: 'Кол-во'

The above exception was the direct cause of the following exception:

Traceback (most recent call last):
  File "C:\Users\Дмитрий\AppData\Local\Python\pythoncore-3.14-64\Lib\site-packages\telegram\ext\_application.py", line 1315, in process_update
    await coroutine
  File "C:\Users\Дмитрий\AppData\Local\Python\pythoncore-3.14-64\Lib\site-packages\telegram\ext\_handlers\basehandler.py", line 159, in handle_update
    return await self.callback(update, context)
           ^^^^^^^^^^^^^^^^^^^^^^^^^^^^^^^^^^^^
  File "c:\Users\Дмитрий\OneDrive\Desktop\invest\main.py", line 59, in on_button
    text = show_portfolio()
  File "c:\Users\Дмитрий\OneDrive\Desktop\invest\services\portfolio.py", line 10, in show_portfolio
    df["Сумма"] = df["Кол-во"] * df["Цена"]
                  ~~^^^^^^^^^^
  File "C:\Users\Дмитрий\AppData\Local\Python\pythoncore-3.14-64\Lib\site-packages\pandas\core\frame.py", line 4113, in __getitem__
    indexer = self.columns.get_loc(key)
  File "C:\Users\Дмитрий\AppData\Local\Python\pythoncore-3.14-64\Lib\site-packages\pandas\core\indexes\base.py", line 3819, in get_loc
    raise KeyError(key) from err
KeyError: 'Кол-во'
2025-12-29 04:00:30,842 | INFO | HTTP Request: POST https://api.telegram.org/bot8597134571:AAGMNdw_sSnwTkwiapbx2xIn9xzruXkGrSE/getUpdates "HTTP/1.1 200 OK"
2025-12-29 04:00:30,917 | INFO | HTTP Request: POST https://api.telegram.org/bot8597134571:AAGMNdw_sSnwTkwiapbx2xIn9xzruXkGrSE/answerCallbackQuery "HTTP/1.1 200 OK"
2025-12-29 04:00:32,983 | ERROR | No error handlers are registered, logging exception.
Traceback (most recent call last):
  File "C:\Users\Дмитрий\AppData\Local\Python\pythoncore-3.14-64\Lib\site-packages\pandas\core\indexes\base.py", line 3812, in get_loc
    return self._engine.get_loc(casted_key)
           ~~~~~~~~~~~~~~~~~~~~^^^^^^^^^^^^
  File "pandas/_libs/index.pyx", line 167, in pandas._libs.index.IndexEngine.get_loc
  File "pandas/_libs/index.pyx", line 196, in pandas._libs.index.IndexEngine.get_loc
  File "pandas/_libs/hashtable_class_helper.pxi", line 7088, in pandas._libs.hashtable.PyObjectHashTable.get_item
  File "pandas/_libs/hashtable_class_helper.pxi", line 7096, in pandas._libs.hashtable.PyObjectHashTable.get_item
KeyError: 'Прибыль'

The above exception was the direct cause of the following exception:

Traceback (most recent call last):
  File "C:\Users\Дмитрий\AppData\Local\Python\pythoncore-3.14-64\Lib\site-packages\telegram\ext\_application.py", line 1315, in process_update
    await coroutine
  File "C:\Users\Дмитрий\AppData\Local\Python\pythoncore-3.14-64\Lib\site-packages\telegram\ext\_handlers\basehandler.py", line 159, in handle_update
    return await self.callback(update, context)
           ^^^^^^^^^^^^^^^^^^^^^^^^^^^^^^^^^^^^
  File "c:\Users\Дмитрий\OneDrive\Desktop\invest\main.py", line 62, in on_button
    text = show_income()
  File "c:\Users\Дмитрий\OneDrive\Desktop\invest\services\portfolio.py", line 22, in show_income
    return f"\U0001f4c8 Доходность: {df['Прибыль'].sum():.0f} \u20bd"
                             ~~^^^^^^^^^^^
  File "C:\Users\Дмитрий\AppData\Local\Python\pythoncore-3.14-64\Lib\site-packages\pandas\core\frame.py", line 4113, in __getitem__
    indexer = self.columns.get_loc(key)
  File "C:\Users\Дмитрий\AppData\Local\Python\pythoncore-3.14-64\Lib\site-packages\pandas\core\indexes\base.py", line 3819, in get_loc
    raise KeyError(key) from err
KeyError: 'Прибыль'
2025-12-29 04:00:32,987 | INFO | HTTP Request: POST https://api.telegram.org/bot8597134571:AAGMNdw_sSnwTkwiapbx2xIn9xzruXkGrSE/getUpdates "HTTP/1.1 200 OK"
2025-12-29 04:00:33,060 | INFO | HTTP Request: POST https://api.telegram.org/bot8597134571:AAGMNdw_sSnwTkwiapbx2xIn9xzruXkGrSE/answerCallbackQuery "HTTP/1.1 200 OK"
2025-12-29 04:00:35,138 | ERROR | No error handlers are registered, logging exception.
Traceback (most recent call last):
  File "C:\Users\Дмитрий\AppData\Local\Python\pythoncore-3.14-64\Lib\site-packages\pandas\core\indexes\base.py", line 3812, in get_loc
    return self._engine.get_loc(casted_key)
           ~~~~~~~~~~~~~~~~~~~~^^^^^^^^^^^^
  File "pandas/_libs/index.pyx", line 167, in pandas._libs.index.IndexEngine.get_loc
  File "pandas/_libs/index.pyx", line 196, in pandas._libs.index.IndexEngine.get_loc
  File "pandas/_libs/hashtable_class_helper.pxi", line 7088, in pandas._libs.hashtable.PyObjectHashTable.get_item
  File "pandas/_libs/hashtable_class_helper.pxi", line 7096, in pandas._libs.hashtable.PyObjectHashTable.get_item
KeyError: 'Прибыль'

The above exception was the direct cause of the following exception:

Traceback (most recent call last):
  File "C:\Users\Дмитрий\AppData\Local\Python\pythoncore-3.14-64\Lib\site-packages\telegram\ext\_application.py", line 1315, in process_update
    await coroutine
  File "C:\Users\Дмитрий\AppData\Local\Python\pythoncore-3.14-64\Lib\site-packages\telegram\ext\_handlers\basehandler.py", line 159, in handle_update
    return await self.callback(update, context)
           ^^^^^^^^^^^^^^^^^^^^^^^^^^^^^^^^^^^^
  File "c:\Users\Дмитрий\OneDrive\Desktop\invest\main.py", line 62, in on_button
    text = show_income()
  File "c:\Users\Дмитрий\OneDrive\Desktop\invest\services\portfolio.py", line 22, in show_income
    return f"\U0001f4c8 Доходность: {df['Прибыль'].sum():.0f} \u20bd"
                             ~~^^^^^^^^^^^
  File "C:\Users\Дмитрий\AppData\Local\Python\pythoncore-3.14-64\Lib\site-packages\pandas\core\frame.py", line 4113, in __getitem__
    indexer = self.columns.get_loc(key)
  File "C:\Users\Дмитрий\AppData\Local\Python\pythoncore-3.14-64\Lib\site-packages\pandas\core\indexes\base.py", line 3819, in get_loc
    raise KeyError(key) from err
KeyError: 'Прибыль'
2025-12-29 04:00:43,052 | INFO | HTTP Request: POST https://api.telegram.org/bot8597134571:AAGMNdw_sSnwTkwiapbx2xIn9xzruXkGrSE/getUpdates "HTTP/1.1 200 OK"
2025-12-29 04:00:53,118 | INFO | HTTP Request: POST https://api.telegram.org/bot8597134571:AAGMNdw_sSnwTkwiapbx2xIn9xzruXkGrSE/getUpdates "HTTP/1.1 200 OK"
2025-12-29 04:01:03,187 | INFO | HTTP Request: POST https://api.telegram.org/bot8597134571:AAGMNdw_sSnwTkwiapbx2xIn9xzruXkGrSE/getUpdates "HTTP/1.1 200 OK"
2025-12-29 04:01:13,251 | INFO | HTTP Request: POST https://api.telegram.org/bot8597134571:AAGMNdw_sSnwTkwiapbx2xIn9xzruXkGrSE/getUpdates "HTTP/1.1 200 OK"
2025-12-29 04:01:23,315 | INFO | HTTP Request: POST https://api.telegram.org/bot8597134571:AAGMNdw_sSnwTkwiapbx2xIn9xzruXkGrSE/getUpdates "HTTP/1.1 200 OK"
2025-12-29 04:01:33,382 | INFO | HTTP Request: POST https://api.telegram.org/bot8597134571:AAGMNdw_sSnwTkwiapbx2xIn9xzruXkGrSE/getUpdates "HTTP/1.1 200 OK"
2025-12-29 04:01:43,461 | INFO | HTTP Request: POST https://api.telegram.org/bot8597134571:AAGMNdw_sSnwTkwiapbx2xIn9xzruXkGrSE/getUpdates "HTTP/1.1 200 OK"
2025-12-29 04:01:53,532 | INFO | HTTP Request: POST https://api.telegram.org/bot8597134571:AAGMNdw_sSnwTkwiapbx2xIn9xzruXkGrSE/getUpdates "HTTP/1.1 200 OK"
2025-12-29 04:02:03,597 | INFO | HTTP Request: POST https://api.telegram.org/bot8597134571:AAGMNdw_sSnwTkwiapbx2xIn9xzruXkGrSE/getUpdates "HTTP/1.1 200 OK"
2025-12-29 04:02:13,661 | INFO | HTTP Request: POST https://api.telegram.org/bot8597134571:AAGMNdw_sSnwTkwiapbx2xIn9xzruXkGrSE/getUpdates "HTTP/1.1 200 OK"
2025-12-29 04:02:23,728 | INFO | HTTP Request: POST https://api.telegram.org/bot8597134571:AAGMNdw_sSnwTkwiapbx2xIn9xzruXkGrSE/getUpdates "HTTP/1.1 200 OK"
2025-12-29 04:02:33,746 | INFO | HTTP Request: POST https://api.telegram.org/bot8597134571:AAGMNdw_sSnwTkwiapbx2xIn9xzruXkGrSE/getUpdates "HTTP/1.1 200 OK"
2025-12-29 04:02:33,747 | INFO | Application is stopping. This might take a moment.
2025-12-29 04:02:33,747 | INFO | Application.stop() complete
